<?xml version="1.0" encoding="UTF-8"?>
<!-- Generated by org.testng.reporters.JUnitXMLReporter -->
<testsuite ignored="0" hostname="DESKTOP-9K2SE4K" failures="0" tests="8" name="Test" time="10.877" errors="0" timestamp="2025-04-20T17:23:46 IST">
  <testcase classname="base.baseClass" name="@AfterMethod teardown" time="0.007">
    <failure type="java.lang.NullPointerException" message="Cannot invoke &amp;quot;com.aventstack.extentreports.ExtentTest.pass(String)&amp;quot; because &amp;quot;this.test&amp;quot; is null">
      <![CDATA[java.lang.NullPointerException: Cannot invoke "com.aventstack.extentreports.ExtentTest.pass(String)" because "this.test" is null
at base.baseClass.teardown(baseClass.java:49)
at java.base/java.util.ArrayList.forEach(ArrayList.java:1597)
... Removed 30 stack frames]]>
    </failure>
  </testcase> <!-- @AfterMethod teardown -->
  <testcase classname="base.baseClass" name="@BeforeMethod setup" time="0.0">
    <skipped/>
  </testcase> <!-- @BeforeMethod setup -->
  <testcase classname="base.baseClass" name="@AfterMethod teardown" time="0.0">
    <skipped/>
  </testcase> <!-- @AfterMethod teardown -->
  <testcase classname="base.baseClass" name="@BeforeMethod setup" time="0.0">
    <skipped/>
  </testcase> <!-- @BeforeMethod setup -->
  <testcase classname="base.baseClass" name="@AfterMethod teardown" time="0.0">
    <skipped/>
  </testcase> <!-- @AfterMethod teardown -->
  <testcase classname="base.baseClass" name="@BeforeMethod setup" time="0.0">
    <skipped/>
  </testcase> <!-- @BeforeMethod setup -->
  <testcase classname="base.baseClass" name="@AfterMethod teardown" time="0.0">
    <skipped/>
  </testcase> <!-- @AfterMethod teardown -->
  <testcase classname="base.baseClass" name="@BeforeMethod setup" time="0.0">
    <skipped/>
  </testcase> <!-- @BeforeMethod setup -->
  <testcase classname="base.baseClass" name="@AfterMethod teardown" time="0.0">
    <skipped/>
  </testcase> <!-- @AfterMethod teardown -->
  <testcase classname="base.baseClass" name="@BeforeMethod setup" time="0.0">
    <skipped/>
  </testcase> <!-- @BeforeMethod setup -->
  <testcase classname="base.baseClass" name="@AfterMethod teardown" time="0.0">
    <skipped/>
  </testcase> <!-- @AfterMethod teardown -->
  <testcase classname="base.baseClass" name="@BeforeMethod setup" time="0.0">
    <skipped/>
  </testcase> <!-- @BeforeMethod setup -->
  <testcase classname="base.baseClass" name="@AfterMethod teardown" time="0.0">
    <skipped/>
  </testcase> <!-- @AfterMethod teardown -->
  <testcase classname="base.baseClass" name="@BeforeMethod setup" time="0.0">
    <skipped/>
  </testcase> <!-- @BeforeMethod setup -->
  <testcase classname="base.baseClass" name="@AfterMethod teardown" time="0.0">
    <skipped/>
  </testcase> <!-- @AfterMethod teardown -->
  <testcase classname="tests.LoginTest" name="LoginWithBlankCredentials" time="0.669"/>
  <testcase classname="tests.LoginTest" name="testLoginWithInvalidCredentials" time="0.0">
    <skipped/>
  </testcase> <!-- testLoginWithInvalidCredentials -->
  <testcase classname="tests.LoginTest" name="testLoginWithValidCredentials" time="0.0">
    <skipped/>
  </testcase> <!-- testLoginWithValidCredentials -->
  <testcase classname="tests.LoginTest" name="testLoginWithValidCredentials" time="0.0">
    <skipped/>
  </testcase> <!-- testLoginWithValidCredentials -->
  <testcase classname="tests.LoginTest" name="testLoginWithValidCredentials" time="0.0">
    <skipped/>
  </testcase> <!-- testLoginWithValidCredentials -->
  <testcase classname="tests.LoginTest" name="testLoginWithValidCredentials" time="0.0">
    <skipped/>
  </testcase> <!-- testLoginWithValidCredentials -->
  <testcase classname="tests.LoginTest" name="testLoginWithValidCredentials" time="0.0">
    <skipped/>
  </testcase> <!-- testLoginWithValidCredentials -->
  <testcase classname="tests.LoginTest" name="testLoginWithValidCredentials" time="0.001">
    <skipped/>
  </testcase> <!-- testLoginWithValidCredentials -->
</testsuite> <!-- Test -->
