<?xml version="1.0" encoding="UTF-8"?>
<!-- Generated by org.testng.reporters.JUnitXMLReporter -->
<testsuite ignored="1" hostname="DESKTOP-9K2SE4K" failures="0" tests="7" name="Test(failed)" time="11.679" errors="0" timestamp="2025-04-20T19:44:03 IST">
  <testcase classname="base.baseClass" name="@AfterMethod teardown" time="0.003">
    <failure type="java.lang.NullPointerException" message="Cannot invoke &amp;quot;com.aventstack.extentreports.ExtentTest.pass(String)&amp;quot; because &amp;quot;this.test&amp;quot; is null">
      <![CDATA[java.lang.NullPointerException: Cannot invoke "com.aventstack.extentreports.ExtentTest.pass(String)" because "this.test" is null
at base.baseClass.teardown(baseClass.java:53)
at java.base/java.util.ArrayList.forEach(ArrayList.java:1597)
... Removed 30 stack frames]]>
    </failure>
  </testcase> <!-- @AfterMethod teardown -->
  <testcase classname="base.baseClass" name="@BeforeMethod setup" time="0.0">
    <skipped/>
  </testcase> <!-- @BeforeMethod setup -->
  <testcase classname="base.baseClass" name="@AfterMethod teardown" time="0.0">
    <skipped/>
  </testcase> <!-- @AfterMethod teardown -->
  <testcase classname="base.baseClass" name="@BeforeMethod setup" time="0.0">
    <skipped/>
  </testcase> <!-- @BeforeMethod setup -->
  <testcase classname="base.baseClass" name="@AfterMethod teardown" time="0.0">
    <skipped/>
  </testcase> <!-- @AfterMethod teardown -->
  <testcase classname="base.baseClass" name="@BeforeMethod setup" time="0.0">
    <skipped/>
  </testcase> <!-- @BeforeMethod setup -->
  <testcase classname="base.baseClass" name="@AfterMethod teardown" time="0.0">
    <skipped/>
  </testcase> <!-- @AfterMethod teardown -->
  <testcase classname="base.baseClass" name="@BeforeMethod setup" time="0.0">
    <skipped/>
  </testcase> <!-- @BeforeMethod setup -->
  <testcase classname="base.baseClass" name="@AfterMethod teardown" time="0.0">
    <skipped/>
  </testcase> <!-- @AfterMethod teardown -->
  <testcase classname="base.baseClass" name="@BeforeMethod setup" time="0.0">
    <skipped/>
  </testcase> <!-- @BeforeMethod setup -->
  <testcase classname="base.baseClass" name="@AfterMethod teardown" time="0.0">
    <skipped/>
  </testcase> <!-- @AfterMethod teardown -->
  <testcase classname="base.baseClass" name="@BeforeMethod setup" time="0.0">
    <skipped/>
  </testcase> <!-- @BeforeMethod setup -->
  <testcase classname="base.baseClass" name="@AfterMethod teardown" time="0.0">
    <skipped/>
  </testcase> <!-- @AfterMethod teardown -->
  <testcase classname="tests.LoginTest" name="testLoginWithInvalidCredentials" time="0.647"/>
  <testcase classname="tests.LoginTest" name="testLoginWithValidCredentials" time="0.0">
    <skipped/>
  </testcase> <!-- testLoginWithValidCredentials -->
  <testcase classname="tests.LoginTest" name="testLoginWithValidCredentials" time="0.0">
    <skipped/>
  </testcase> <!-- testLoginWithValidCredentials -->
  <testcase classname="tests.LoginTest" name="testLoginWithValidCredentials" time="0.002">
    <skipped/>
  </testcase> <!-- testLoginWithValidCredentials -->
  <testcase classname="tests.LoginTest" name="testLoginWithValidCredentials" time="0.0">
    <skipped/>
  </testcase> <!-- testLoginWithValidCredentials -->
  <testcase classname="tests.LoginTest" name="testLoginWithValidCredentials" time="0.0">
    <skipped/>
  </testcase> <!-- testLoginWithValidCredentials -->
  <testcase classname="tests.LoginTest" name="testLoginWithValidCredentials" time="0.0">
    <skipped/>
  </testcase> <!-- testLoginWithValidCredentials -->
  <testcase classname="tests.LoginTest" name="LoginWithBlankCredentials" time="0.0">
    <ignored/>
  </testcase> <!-- LoginWithBlankCredentials -->
</testsuite> <!-- Test(failed) -->
