<?xml version="1.0" encoding="UTF-8"?>
<testng-results ignored="0" total="8" passed="8" failed="0" skipped="0">
  <reporter-output>
  </reporter-output>
  <suite started-at="2025-04-21T08:09:58 IST" name="Login Suite" finished-at="2025-04-21T08:10:47 IST" duration-ms="49713">
    <groups>
    </groups>
    <test started-at="2025-04-21T08:09:58 IST" name="Login Tests" finished-at="2025-04-21T08:10:47 IST" duration-ms="49713">
      <class name="tests.LoginTest">
        <test-method is-config="true" signature="reportSetup()[pri:0, instance:tests.LoginTest@20d525]" started-at="2025-04-21T08:09:57 IST" name="reportSetup" finished-at="2025-04-21T08:09:58 IST" duration-ms="448" status="PASS">
          <reporter-output>
          </reporter-output>
        </test-method> <!-- reportSetup -->
        <test-method is-config="true" signature="setup()[pri:0, instance:tests.LoginTest@20d525]" started-at="2025-04-21T08:09:58 IST" name="setup" finished-at="2025-04-21T08:09:58 IST" duration-ms="1" status="PASS">
          <reporter-output>
          </reporter-output>
        </test-method> <!-- setup -->
        <test-method is-config="true" signature="setup(java.lang.reflect.Method)[pri:0, instance:tests.LoginTest@20d525]" started-at="2025-04-21T08:09:58 IST" name="setup" finished-at="2025-04-21T08:10:06 IST" duration-ms="8018" status="PASS">
          <params>
            <param index="0">
              <value>
                <![CDATA[public void tests.LoginTest.LoginWithBlankCredentials()]]>
              </value>
            </param>
          </params>
          <reporter-output>
          </reporter-output>
        </test-method> <!-- setup -->
        <test-method signature="LoginWithBlankCredentials()[pri:0, instance:tests.LoginTest@20d525]" started-at="2025-04-21T08:10:06 IST" name="LoginWithBlankCredentials" finished-at="2025-04-21T08:10:06 IST" duration-ms="817" status="PASS">
          <reporter-output>
          </reporter-output>
        </test-method> <!-- LoginWithBlankCredentials -->
        <test-method is-config="true" signature="teardown(org.testng.ITestResult)[pri:0, instance:tests.LoginTest@20d525]" started-at="2025-04-21T08:10:06 IST" name="teardown" finished-at="2025-04-21T08:10:07 IST" duration-ms="710" status="PASS">
          <params>
            <param index="0">
              <value>
                <![CDATA[[TestResult name=LoginWithBlankCredentials status=SUCCESS method=LoginTest.LoginWithBlankCredentials()[pri:0, instance:tests.LoginTest@20d525] output={null}]]]>
              </value>
            </param>
          </params>
          <reporter-output>
          </reporter-output>
        </test-method> <!-- teardown -->
        <test-method is-config="true" signature="setup(java.lang.reflect.Method)[pri:0, instance:tests.LoginTest@20d525]" started-at="2025-04-21T08:10:07 IST" name="setup" finished-at="2025-04-21T08:10:11 IST" duration-ms="3782" status="PASS">
          <params>
            <param index="0">
              <value>
                <![CDATA[public void tests.LoginTest.testLoginWithInvalidCredentials()]]>
              </value>
            </param>
          </params>
          <reporter-output>
          </reporter-output>
        </test-method> <!-- setup -->
        <test-method signature="testLoginWithInvalidCredentials()[pri:0, instance:tests.LoginTest@20d525]" started-at="2025-04-21T08:10:11 IST" name="testLoginWithInvalidCredentials" finished-at="2025-04-21T08:10:12 IST" duration-ms="797" status="PASS">
          <reporter-output>
          </reporter-output>
        </test-method> <!-- testLoginWithInvalidCredentials -->
        <test-method is-config="true" signature="teardown(org.testng.ITestResult)[pri:0, instance:tests.LoginTest@20d525]" started-at="2025-04-21T08:10:12 IST" name="teardown" finished-at="2025-04-21T08:10:12 IST" duration-ms="595" status="PASS">
          <params>
            <param index="0">
              <value>
                <![CDATA[[TestResult name=testLoginWithInvalidCredentials status=SUCCESS method=LoginTest.testLoginWithInvalidCredentials()[pri:0, instance:tests.LoginTest@20d525] output={null}]]]>
              </value>
            </param>
          </params>
          <reporter-output>
          </reporter-output>
        </test-method> <!-- teardown -->
        <test-method is-config="true" signature="setup(java.lang.reflect.Method)[pri:0, instance:tests.LoginTest@20d525]" started-at="2025-04-21T08:10:14 IST" name="setup" finished-at="2025-04-21T08:10:18 IST" duration-ms="3524" status="PASS">
          <params>
            <param index="0">
              <value>
                <![CDATA[public void tests.LoginTest.testLoginWithValidCredentials(java.lang.String,java.lang.String)]]>
              </value>
            </param>
          </params>
          <reporter-output>
          </reporter-output>
        </test-method> <!-- setup -->
        <test-method signature="testLoginWithValidCredentials(java.lang.String,java.lang.String)[pri:0, instance:tests.LoginTest@20d525]" started-at="2025-04-21T08:10:18 IST" name="testLoginWithValidCredentials" data-provider="loginData" finished-at="2025-04-21T08:10:19 IST" duration-ms="746" status="PASS">
          <params>
            <param index="0">
              <value>
                <![CDATA[standard_user]]>
              </value>
            </param>
            <param index="1">
              <value>
                <![CDATA[secret_sauce]]>
              </value>
            </param>
          </params>
          <reporter-output>
          </reporter-output>
        </test-method> <!-- testLoginWithValidCredentials -->
        <test-method is-config="true" signature="teardown(org.testng.ITestResult)[pri:0, instance:tests.LoginTest@20d525]" started-at="2025-04-21T08:10:19 IST" name="teardown" finished-at="2025-04-21T08:10:19 IST" duration-ms="518" status="PASS">
          <params>
            <param index="0">
              <value>
                <![CDATA[[TestResult name=testLoginWithValidCredentials status=SUCCESS method=LoginTest.testLoginWithValidCredentials(java.lang.String,java.lang.String)[pri:0, instance:tests.LoginTest@20d525] output={null}]]]>
              </value>
            </param>
          </params>
          <reporter-output>
          </reporter-output>
        </test-method> <!-- teardown -->
        <test-method is-config="true" signature="setup(java.lang.reflect.Method)[pri:0, instance:tests.LoginTest@20d525]" started-at="2025-04-21T08:10:19 IST" name="setup" finished-at="2025-04-21T08:10:22 IST" duration-ms="3128" status="PASS">
          <params>
            <param index="0">
              <value>
                <![CDATA[public void tests.LoginTest.testLoginWithValidCredentials(java.lang.String,java.lang.String)]]>
              </value>
            </param>
          </params>
          <reporter-output>
          </reporter-output>
        </test-method> <!-- setup -->
        <test-method signature="testLoginWithValidCredentials(java.lang.String,java.lang.String)[pri:0, instance:tests.LoginTest@20d525]" started-at="2025-04-21T08:10:22 IST" name="testLoginWithValidCredentials" data-provider="loginData" finished-at="2025-04-21T08:10:23 IST" duration-ms="680" status="PASS">
          <params>
            <param index="0">
              <value>
                <![CDATA[locked_out_user]]>
              </value>
            </param>
            <param index="1">
              <value>
                <![CDATA[secret_sauce]]>
              </value>
            </param>
          </params>
          <reporter-output>
          </reporter-output>
        </test-method> <!-- testLoginWithValidCredentials -->
        <test-method is-config="true" signature="teardown(org.testng.ITestResult)[pri:0, instance:tests.LoginTest@20d525]" started-at="2025-04-21T08:10:23 IST" name="teardown" finished-at="2025-04-21T08:10:23 IST" duration-ms="415" status="PASS">
          <params>
            <param index="0">
              <value>
                <![CDATA[[TestResult name=testLoginWithValidCredentials status=SUCCESS method=LoginTest.testLoginWithValidCredentials(java.lang.String,java.lang.String)[pri:0, instance:tests.LoginTest@20d525] output={null}]]]>
              </value>
            </param>
          </params>
          <reporter-output>
          </reporter-output>
        </test-method> <!-- teardown -->
        <test-method is-config="true" signature="setup(java.lang.reflect.Method)[pri:0, instance:tests.LoginTest@20d525]" started-at="2025-04-21T08:10:23 IST" name="setup" finished-at="2025-04-21T08:10:27 IST" duration-ms="3608" status="PASS">
          <params>
            <param index="0">
              <value>
                <![CDATA[public void tests.LoginTest.testLoginWithValidCredentials(java.lang.String,java.lang.String)]]>
              </value>
            </param>
          </params>
          <reporter-output>
          </reporter-output>
        </test-method> <!-- setup -->
        <test-method signature="testLoginWithValidCredentials(java.lang.String,java.lang.String)[pri:0, instance:tests.LoginTest@20d525]" started-at="2025-04-21T08:10:27 IST" name="testLoginWithValidCredentials" data-provider="loginData" finished-at="2025-04-21T08:10:28 IST" duration-ms="848" status="PASS">
          <params>
            <param index="0">
              <value>
                <![CDATA[problem_user]]>
              </value>
            </param>
            <param index="1">
              <value>
                <![CDATA[secret_sauce]]>
              </value>
            </param>
          </params>
          <reporter-output>
          </reporter-output>
        </test-method> <!-- testLoginWithValidCredentials -->
        <test-method is-config="true" signature="teardown(org.testng.ITestResult)[pri:0, instance:tests.LoginTest@20d525]" started-at="2025-04-21T08:10:28 IST" name="teardown" finished-at="2025-04-21T08:10:28 IST" duration-ms="589" status="PASS">
          <params>
            <param index="0">
              <value>
                <![CDATA[[TestResult name=testLoginWithValidCredentials status=SUCCESS method=LoginTest.testLoginWithValidCredentials(java.lang.String,java.lang.String)[pri:0, instance:tests.LoginTest@20d525] output={null}]]]>
              </value>
            </param>
          </params>
          <reporter-output>
          </reporter-output>
        </test-method> <!-- teardown -->
        <test-method is-config="true" signature="setup(java.lang.reflect.Method)[pri:0, instance:tests.LoginTest@20d525]" started-at="2025-04-21T08:10:28 IST" name="setup" finished-at="2025-04-21T08:10:32 IST" duration-ms="3565" status="PASS">
          <params>
            <param index="0">
              <value>
                <![CDATA[public void tests.LoginTest.testLoginWithValidCredentials(java.lang.String,java.lang.String)]]>
              </value>
            </param>
          </params>
          <reporter-output>
          </reporter-output>
        </test-method> <!-- setup -->
        <test-method signature="testLoginWithValidCredentials(java.lang.String,java.lang.String)[pri:0, instance:tests.LoginTest@20d525]" started-at="2025-04-21T08:10:32 IST" name="testLoginWithValidCredentials" data-provider="loginData" finished-at="2025-04-21T08:10:38 IST" duration-ms="5732" status="PASS">
          <params>
            <param index="0">
              <value>
                <![CDATA[performance_glitch_user]]>
              </value>
            </param>
            <param index="1">
              <value>
                <![CDATA[secret_sauce]]>
              </value>
            </param>
          </params>
          <reporter-output>
          </reporter-output>
        </test-method> <!-- testLoginWithValidCredentials -->
        <test-method is-config="true" signature="teardown(org.testng.ITestResult)[pri:0, instance:tests.LoginTest@20d525]" started-at="2025-04-21T08:10:38 IST" name="teardown" finished-at="2025-04-21T08:10:38 IST" duration-ms="494" status="PASS">
          <params>
            <param index="0">
              <value>
                <![CDATA[[TestResult name=testLoginWithValidCredentials status=SUCCESS method=LoginTest.testLoginWithValidCredentials(java.lang.String,java.lang.String)[pri:0, instance:tests.LoginTest@20d525] output={null}]]]>
              </value>
            </param>
          </params>
          <reporter-output>
          </reporter-output>
        </test-method> <!-- teardown -->
        <test-method is-config="true" signature="setup(java.lang.reflect.Method)[pri:0, instance:tests.LoginTest@20d525]" started-at="2025-04-21T08:10:38 IST" name="setup" finished-at="2025-04-21T08:10:42 IST" duration-ms="3550" status="PASS">
          <params>
            <param index="0">
              <value>
                <![CDATA[public void tests.LoginTest.testLoginWithValidCredentials(java.lang.String,java.lang.String)]]>
              </value>
            </param>
          </params>
          <reporter-output>
          </reporter-output>
        </test-method> <!-- setup -->
        <test-method signature="testLoginWithValidCredentials(java.lang.String,java.lang.String)[pri:0, instance:tests.LoginTest@20d525]" started-at="2025-04-21T08:10:42 IST" name="testLoginWithValidCredentials" data-provider="loginData" finished-at="2025-04-21T08:10:42 IST" duration-ms="700" status="PASS">
          <params>
            <param index="0">
              <value>
                <![CDATA[error_user]]>
              </value>
            </param>
            <param index="1">
              <value>
                <![CDATA[secret_sauce]]>
              </value>
            </param>
          </params>
          <reporter-output>
          </reporter-output>
        </test-method> <!-- testLoginWithValidCredentials -->
        <test-method is-config="true" signature="teardown(org.testng.ITestResult)[pri:0, instance:tests.LoginTest@20d525]" started-at="2025-04-21T08:10:42 IST" name="teardown" finished-at="2025-04-21T08:10:43 IST" duration-ms="446" status="PASS">
          <params>
            <param index="0">
              <value>
                <![CDATA[[TestResult name=testLoginWithValidCredentials status=SUCCESS method=LoginTest.testLoginWithValidCredentials(java.lang.String,java.lang.String)[pri:0, instance:tests.LoginTest@20d525] output={null}]]]>
              </value>
            </param>
          </params>
          <reporter-output>
          </reporter-output>
        </test-method> <!-- teardown -->
        <test-method is-config="true" signature="setup(java.lang.reflect.Method)[pri:0, instance:tests.LoginTest@20d525]" started-at="2025-04-21T08:10:43 IST" name="setup" finished-at="2025-04-21T08:10:46 IST" duration-ms="3167" status="PASS">
          <params>
            <param index="0">
              <value>
                <![CDATA[public void tests.LoginTest.testLoginWithValidCredentials(java.lang.String,java.lang.String)]]>
              </value>
            </param>
          </params>
          <reporter-output>
          </reporter-output>
        </test-method> <!-- setup -->
        <test-method signature="testLoginWithValidCredentials(java.lang.String,java.lang.String)[pri:0, instance:tests.LoginTest@20d525]" started-at="2025-04-21T08:10:46 IST" name="testLoginWithValidCredentials" data-provider="loginData" finished-at="2025-04-21T08:10:47 IST" duration-ms="700" status="PASS">
          <params>
            <param index="0">
              <value>
                <![CDATA[visual_user]]>
              </value>
            </param>
            <param index="1">
              <value>
                <![CDATA[secret_sauce]]>
              </value>
            </param>
          </params>
          <reporter-output>
          </reporter-output>
        </test-method> <!-- testLoginWithValidCredentials -->
        <test-method is-config="true" signature="teardown(org.testng.ITestResult)[pri:0, instance:tests.LoginTest@20d525]" started-at="2025-04-21T08:10:47 IST" name="teardown" finished-at="2025-04-21T08:10:47 IST" duration-ms="453" status="PASS">
          <params>
            <param index="0">
              <value>
                <![CDATA[[TestResult name=testLoginWithValidCredentials status=SUCCESS method=LoginTest.testLoginWithValidCredentials(java.lang.String,java.lang.String)[pri:0, instance:tests.LoginTest@20d525] output={null}]]]>
              </value>
            </param>
          </params>
          <reporter-output>
          </reporter-output>
        </test-method> <!-- teardown -->
        <test-method is-config="true" signature="reportTearDown()[pri:0, instance:tests.LoginTest@20d525]" started-at="2025-04-21T08:10:47 IST" name="reportTearDown" finished-at="2025-04-21T08:10:48 IST" duration-ms="550" status="PASS">
          <reporter-output>
          </reporter-output>
        </test-method> <!-- reportTearDown -->
      </class> <!-- tests.LoginTest -->
    </test> <!-- Login Tests -->
  </suite> <!-- Login Suite -->
</testng-results>
