<?xml version="1.0" encoding="UTF-8"?>
<testng-results ignored="0" total="12" passed="12" failed="0" skipped="0">
  <reporter-output>
  </reporter-output>
  <suite started-at="2025-04-22T00:12:46 IST" name="Login Suite" finished-at="2025-04-22T00:13:54 IST" duration-ms="68378">
    <groups>
    </groups>
    <test started-at="2025-04-22T00:12:46 IST" name="Login Tests" finished-at="2025-04-22T00:13:54 IST" duration-ms="68378">
      <class name="tests.LoginTest">
        <test-method is-config="true" signature="reportSetup()[pri:0, instance:tests.LoginTest@bccb269]" started-at="2025-04-22T00:12:46 IST" name="reportSetup" finished-at="2025-04-22T00:12:46 IST" duration-ms="377" status="PASS">
          <reporter-output>
          </reporter-output>
        </test-method> <!-- reportSetup -->
        <test-method is-config="true" signature="setup()[pri:0, instance:tests.LoginTest@bccb269]" started-at="2025-04-22T00:12:46 IST" name="setup" finished-at="2025-04-22T00:12:46 IST" duration-ms="1" status="PASS">
          <reporter-output>
          </reporter-output>
        </test-method> <!-- setup -->
        <test-method is-config="true" signature="setup(java.lang.reflect.Method)[pri:0, instance:tests.LoginTest@bccb269]" started-at="2025-04-22T00:12:46 IST" name="setup" finished-at="2025-04-22T00:12:53 IST" duration-ms="6613" status="PASS">
          <params>
            <param index="0">
              <value>
                <![CDATA[public void tests.LoginTest.LoginWithBlankCredentials()]]>
              </value>
            </param>
          </params>
          <reporter-output>
          </reporter-output>
        </test-method> <!-- setup -->
        <test-method signature="LoginWithBlankCredentials()[pri:0, instance:tests.LoginTest@bccb269]" started-at="2025-04-22T00:12:53 IST" name="LoginWithBlankCredentials" finished-at="2025-04-22T00:12:54 IST" duration-ms="960" status="PASS">
          <reporter-output>
          </reporter-output>
        </test-method> <!-- LoginWithBlankCredentials -->
        <test-method is-config="true" signature="teardown(org.testng.ITestResult)[pri:0, instance:tests.LoginTest@bccb269]" started-at="2025-04-22T00:12:54 IST" name="teardown" finished-at="2025-04-22T00:12:54 IST" duration-ms="452" status="PASS">
          <params>
            <param index="0">
              <value>
                <![CDATA[[TestResult name=LoginWithBlankCredentials status=SUCCESS method=LoginTest.LoginWithBlankCredentials()[pri:0, instance:tests.LoginTest@bccb269] output={null}]]]>
              </value>
            </param>
          </params>
          <reporter-output>
          </reporter-output>
        </test-method> <!-- teardown -->
        <test-method is-config="true" signature="setup(java.lang.reflect.Method)[pri:0, instance:tests.LoginTest@bccb269]" started-at="2025-04-22T00:12:54 IST" name="setup" finished-at="2025-04-22T00:12:58 IST" duration-ms="3588" status="PASS">
          <params>
            <param index="0">
              <value>
                <![CDATA[public void tests.LoginTest.testLoginWithInvalidCredentials()]]>
              </value>
            </param>
          </params>
          <reporter-output>
          </reporter-output>
        </test-method> <!-- setup -->
        <test-method signature="testLoginWithInvalidCredentials()[pri:0, instance:tests.LoginTest@bccb269]" started-at="2025-04-22T00:12:58 IST" name="testLoginWithInvalidCredentials" finished-at="2025-04-22T00:12:58 IST" duration-ms="665" status="PASS">
          <reporter-output>
          </reporter-output>
        </test-method> <!-- testLoginWithInvalidCredentials -->
        <test-method is-config="true" signature="teardown(org.testng.ITestResult)[pri:0, instance:tests.LoginTest@bccb269]" started-at="2025-04-22T00:12:58 IST" name="teardown" finished-at="2025-04-22T00:12:59 IST" duration-ms="410" status="PASS">
          <params>
            <param index="0">
              <value>
                <![CDATA[[TestResult name=testLoginWithInvalidCredentials status=SUCCESS method=LoginTest.testLoginWithInvalidCredentials()[pri:0, instance:tests.LoginTest@bccb269] output={null}]]]>
              </value>
            </param>
          </params>
          <reporter-output>
          </reporter-output>
        </test-method> <!-- teardown -->
        <test-method is-config="true" signature="setup(java.lang.reflect.Method)[pri:0, instance:tests.LoginTest@bccb269]" started-at="2025-04-22T00:13:01 IST" name="setup" finished-at="2025-04-22T00:13:05 IST" duration-ms="3809" status="PASS">
          <params>
            <param index="0">
              <value>
                <![CDATA[public void tests.LoginTest.testLoginWithValidCredentials(java.lang.String,java.lang.String)]]>
              </value>
            </param>
          </params>
          <reporter-output>
          </reporter-output>
        </test-method> <!-- setup -->
        <test-method signature="testLoginWithValidCredentials(java.lang.String,java.lang.String)[pri:0, instance:tests.LoginTest@bccb269]" started-at="2025-04-22T00:13:05 IST" name="testLoginWithValidCredentials" data-provider="loginData" finished-at="2025-04-22T00:13:06 IST" duration-ms="865" status="PASS">
          <params>
            <param index="0">
              <value>
                <![CDATA[standard_user]]>
              </value>
            </param>
            <param index="1">
              <value>
                <![CDATA[secret_sauce]]>
              </value>
            </param>
          </params>
          <reporter-output>
          </reporter-output>
        </test-method> <!-- testLoginWithValidCredentials -->
        <test-method is-config="true" signature="teardown(org.testng.ITestResult)[pri:0, instance:tests.LoginTest@bccb269]" started-at="2025-04-22T00:13:06 IST" name="teardown" finished-at="2025-04-22T00:13:06 IST" duration-ms="530" status="PASS">
          <params>
            <param index="0">
              <value>
                <![CDATA[[TestResult name=testLoginWithValidCredentials status=SUCCESS method=LoginTest.testLoginWithValidCredentials(java.lang.String,java.lang.String)[pri:0, instance:tests.LoginTest@bccb269] output={null}]]]>
              </value>
            </param>
          </params>
          <reporter-output>
          </reporter-output>
        </test-method> <!-- teardown -->
        <test-method is-config="true" signature="setup(java.lang.reflect.Method)[pri:0, instance:tests.LoginTest@bccb269]" started-at="2025-04-22T00:13:06 IST" name="setup" finished-at="2025-04-22T00:13:09 IST" duration-ms="3373" status="PASS">
          <params>
            <param index="0">
              <value>
                <![CDATA[public void tests.LoginTest.testLoginWithValidCredentials(java.lang.String,java.lang.String)]]>
              </value>
            </param>
          </params>
          <reporter-output>
          </reporter-output>
        </test-method> <!-- setup -->
        <test-method signature="testLoginWithValidCredentials(java.lang.String,java.lang.String)[pri:0, instance:tests.LoginTest@bccb269]" started-at="2025-04-22T00:13:09 IST" name="testLoginWithValidCredentials" data-provider="loginData" finished-at="2025-04-22T00:13:10 IST" duration-ms="656" status="PASS">
          <params>
            <param index="0">
              <value>
                <![CDATA[locked_out_user]]>
              </value>
            </param>
            <param index="1">
              <value>
                <![CDATA[secret_sauce]]>
              </value>
            </param>
          </params>
          <reporter-output>
          </reporter-output>
        </test-method> <!-- testLoginWithValidCredentials -->
        <test-method is-config="true" signature="teardown(org.testng.ITestResult)[pri:0, instance:tests.LoginTest@bccb269]" started-at="2025-04-22T00:13:10 IST" name="teardown" finished-at="2025-04-22T00:13:11 IST" duration-ms="401" status="PASS">
          <params>
            <param index="0">
              <value>
                <![CDATA[[TestResult name=testLoginWithValidCredentials status=SUCCESS method=LoginTest.testLoginWithValidCredentials(java.lang.String,java.lang.String)[pri:0, instance:tests.LoginTest@bccb269] output={null}]]]>
              </value>
            </param>
          </params>
          <reporter-output>
          </reporter-output>
        </test-method> <!-- teardown -->
        <test-method is-config="true" signature="setup(java.lang.reflect.Method)[pri:0, instance:tests.LoginTest@bccb269]" started-at="2025-04-22T00:13:11 IST" name="setup" finished-at="2025-04-22T00:13:14 IST" duration-ms="3267" status="PASS">
          <params>
            <param index="0">
              <value>
                <![CDATA[public void tests.LoginTest.testLoginWithValidCredentials(java.lang.String,java.lang.String)]]>
              </value>
            </param>
          </params>
          <reporter-output>
          </reporter-output>
        </test-method> <!-- setup -->
        <test-method signature="testLoginWithValidCredentials(java.lang.String,java.lang.String)[pri:0, instance:tests.LoginTest@bccb269]" started-at="2025-04-22T00:13:14 IST" name="testLoginWithValidCredentials" data-provider="loginData" finished-at="2025-04-22T00:13:14 IST" duration-ms="698" status="PASS">
          <params>
            <param index="0">
              <value>
                <![CDATA[problem_user]]>
              </value>
            </param>
            <param index="1">
              <value>
                <![CDATA[secret_sauce]]>
              </value>
            </param>
          </params>
          <reporter-output>
          </reporter-output>
        </test-method> <!-- testLoginWithValidCredentials -->
        <test-method is-config="true" signature="teardown(org.testng.ITestResult)[pri:0, instance:tests.LoginTest@bccb269]" started-at="2025-04-22T00:13:14 IST" name="teardown" finished-at="2025-04-22T00:13:15 IST" duration-ms="455" status="PASS">
          <params>
            <param index="0">
              <value>
                <![CDATA[[TestResult name=testLoginWithValidCredentials status=SUCCESS method=LoginTest.testLoginWithValidCredentials(java.lang.String,java.lang.String)[pri:0, instance:tests.LoginTest@bccb269] output={null}]]]>
              </value>
            </param>
          </params>
          <reporter-output>
          </reporter-output>
        </test-method> <!-- teardown -->
        <test-method is-config="true" signature="setup(java.lang.reflect.Method)[pri:0, instance:tests.LoginTest@bccb269]" started-at="2025-04-22T00:13:15 IST" name="setup" finished-at="2025-04-22T00:13:18 IST" duration-ms="3148" status="PASS">
          <params>
            <param index="0">
              <value>
                <![CDATA[public void tests.LoginTest.testLoginWithValidCredentials(java.lang.String,java.lang.String)]]>
              </value>
            </param>
          </params>
          <reporter-output>
          </reporter-output>
        </test-method> <!-- setup -->
        <test-method signature="testLoginWithValidCredentials(java.lang.String,java.lang.String)[pri:0, instance:tests.LoginTest@bccb269]" started-at="2025-04-22T00:13:18 IST" name="testLoginWithValidCredentials" data-provider="loginData" finished-at="2025-04-22T00:13:24 IST" duration-ms="5749" status="PASS">
          <params>
            <param index="0">
              <value>
                <![CDATA[performance_glitch_user]]>
              </value>
            </param>
            <param index="1">
              <value>
                <![CDATA[secret_sauce]]>
              </value>
            </param>
          </params>
          <reporter-output>
          </reporter-output>
        </test-method> <!-- testLoginWithValidCredentials -->
        <test-method is-config="true" signature="teardown(org.testng.ITestResult)[pri:0, instance:tests.LoginTest@bccb269]" started-at="2025-04-22T00:13:24 IST" name="teardown" finished-at="2025-04-22T00:13:24 IST" duration-ms="418" status="PASS">
          <params>
            <param index="0">
              <value>
                <![CDATA[[TestResult name=testLoginWithValidCredentials status=SUCCESS method=LoginTest.testLoginWithValidCredentials(java.lang.String,java.lang.String)[pri:0, instance:tests.LoginTest@bccb269] output={null}]]]>
              </value>
            </param>
          </params>
          <reporter-output>
          </reporter-output>
        </test-method> <!-- teardown -->
        <test-method is-config="true" signature="setup(java.lang.reflect.Method)[pri:0, instance:tests.LoginTest@bccb269]" started-at="2025-04-22T00:13:24 IST" name="setup" finished-at="2025-04-22T00:13:28 IST" duration-ms="3678" status="PASS">
          <params>
            <param index="0">
              <value>
                <![CDATA[public void tests.LoginTest.testLoginWithValidCredentials(java.lang.String,java.lang.String)]]>
              </value>
            </param>
          </params>
          <reporter-output>
          </reporter-output>
        </test-method> <!-- setup -->
        <test-method signature="testLoginWithValidCredentials(java.lang.String,java.lang.String)[pri:0, instance:tests.LoginTest@bccb269]" started-at="2025-04-22T00:13:28 IST" name="testLoginWithValidCredentials" data-provider="loginData" finished-at="2025-04-22T00:13:29 IST" duration-ms="693" status="PASS">
          <params>
            <param index="0">
              <value>
                <![CDATA[error_user]]>
              </value>
            </param>
            <param index="1">
              <value>
                <![CDATA[secret_sauce]]>
              </value>
            </param>
          </params>
          <reporter-output>
          </reporter-output>
        </test-method> <!-- testLoginWithValidCredentials -->
        <test-method is-config="true" signature="teardown(org.testng.ITestResult)[pri:0, instance:tests.LoginTest@bccb269]" started-at="2025-04-22T00:13:29 IST" name="teardown" finished-at="2025-04-22T00:13:29 IST" duration-ms="440" status="PASS">
          <params>
            <param index="0">
              <value>
                <![CDATA[[TestResult name=testLoginWithValidCredentials status=SUCCESS method=LoginTest.testLoginWithValidCredentials(java.lang.String,java.lang.String)[pri:0, instance:tests.LoginTest@bccb269] output={null}]]]>
              </value>
            </param>
          </params>
          <reporter-output>
          </reporter-output>
        </test-method> <!-- teardown -->
        <test-method is-config="true" signature="setup(java.lang.reflect.Method)[pri:0, instance:tests.LoginTest@bccb269]" started-at="2025-04-22T00:13:29 IST" name="setup" finished-at="2025-04-22T00:13:32 IST" duration-ms="3243" status="PASS">
          <params>
            <param index="0">
              <value>
                <![CDATA[public void tests.LoginTest.testLoginWithValidCredentials(java.lang.String,java.lang.String)]]>
              </value>
            </param>
          </params>
          <reporter-output>
          </reporter-output>
        </test-method> <!-- setup -->
        <test-method signature="testLoginWithValidCredentials(java.lang.String,java.lang.String)[pri:0, instance:tests.LoginTest@bccb269]" started-at="2025-04-22T00:13:32 IST" name="testLoginWithValidCredentials" data-provider="loginData" finished-at="2025-04-22T00:13:33 IST" duration-ms="729" status="PASS">
          <params>
            <param index="0">
              <value>
                <![CDATA[visual_user]]>
              </value>
            </param>
            <param index="1">
              <value>
                <![CDATA[secret_sauce]]>
              </value>
            </param>
          </params>
          <reporter-output>
          </reporter-output>
        </test-method> <!-- testLoginWithValidCredentials -->
        <test-method is-config="true" signature="teardown(org.testng.ITestResult)[pri:0, instance:tests.LoginTest@bccb269]" started-at="2025-04-22T00:13:33 IST" name="teardown" finished-at="2025-04-22T00:13:33 IST" duration-ms="430" status="PASS">
          <params>
            <param index="0">
              <value>
                <![CDATA[[TestResult name=testLoginWithValidCredentials status=SUCCESS method=LoginTest.testLoginWithValidCredentials(java.lang.String,java.lang.String)[pri:0, instance:tests.LoginTest@bccb269] output={null}]]]>
              </value>
            </param>
          </params>
          <reporter-output>
          </reporter-output>
        </test-method> <!-- teardown -->
        <test-method is-config="true" signature="reportTearDown()[pri:0, instance:tests.LoginTest@bccb269]" started-at="2025-04-22T00:13:54 IST" name="reportTearDown" finished-at="2025-04-22T00:13:55 IST" duration-ms="440" status="PASS">
          <reporter-output>
          </reporter-output>
        </test-method> <!-- reportTearDown -->
      </class> <!-- tests.LoginTest -->
      <class name="tests.ConfirmationTest">
        <test-method is-config="true" signature="setup()[pri:0, instance:tests.ConfirmationTest@58a9760d]" started-at="2025-04-22T00:13:49 IST" name="setup" finished-at="2025-04-22T00:13:49 IST" duration-ms="0" status="PASS">
          <reporter-output>
          </reporter-output>
        </test-method> <!-- setup -->
        <test-method is-config="true" signature="setup(java.lang.reflect.Method)[pri:0, instance:tests.ConfirmationTest@58a9760d]" started-at="2025-04-22T00:13:49 IST" name="setup" finished-at="2025-04-22T00:13:52 IST" duration-ms="3370" status="PASS">
          <params>
            <param index="0">
              <value>
                <![CDATA[public void tests.ConfirmationTest.testOrderConfirmation()]]>
              </value>
            </param>
          </params>
          <reporter-output>
          </reporter-output>
        </test-method> <!-- setup -->
        <test-method signature="testOrderConfirmation()[pri:0, instance:tests.ConfirmationTest@58a9760d]" started-at="2025-04-22T00:13:52 IST" name="testOrderConfirmation" finished-at="2025-04-22T00:13:54 IST" duration-ms="1752" status="PASS">
          <reporter-output>
          </reporter-output>
        </test-method> <!-- testOrderConfirmation -->
        <test-method is-config="true" signature="teardown(org.testng.ITestResult)[pri:0, instance:tests.ConfirmationTest@58a9760d]" started-at="2025-04-22T00:13:54 IST" name="teardown" finished-at="2025-04-22T00:13:54 IST" duration-ms="458" status="PASS">
          <params>
            <param index="0">
              <value>
                <![CDATA[[TestResult name=testOrderConfirmation status=SUCCESS method=ConfirmationTest.testOrderConfirmation()[pri:0, instance:tests.ConfirmationTest@58a9760d] output={null}]]]>
              </value>
            </param>
          </params>
          <reporter-output>
          </reporter-output>
        </test-method> <!-- teardown -->
      </class> <!-- tests.ConfirmationTest -->
      <class name="tests.InventoryTest">
        <test-method is-config="true" signature="setup()[pri:0, instance:tests.InventoryTest@1e66f1f5]" started-at="2025-04-22T00:13:33 IST" name="setup" finished-at="2025-04-22T00:13:33 IST" duration-ms="0" status="PASS">
          <reporter-output>
          </reporter-output>
        </test-method> <!-- setup -->
        <test-method is-config="true" signature="setup(java.lang.reflect.Method)[pri:0, instance:tests.InventoryTest@1e66f1f5]" started-at="2025-04-22T00:13:33 IST" name="setup" finished-at="2025-04-22T00:13:37 IST" duration-ms="3454" status="PASS">
          <params>
            <param index="0">
              <value>
                <![CDATA[public void tests.InventoryTest.testAddItemToCart()]]>
              </value>
            </param>
          </params>
          <reporter-output>
          </reporter-output>
        </test-method> <!-- setup -->
        <test-method signature="testAddItemToCart()[pri:0, instance:tests.InventoryTest@1e66f1f5]" started-at="2025-04-22T00:13:37 IST" name="testAddItemToCart" finished-at="2025-04-22T00:13:38 IST" duration-ms="1104" status="PASS">
          <reporter-output>
          </reporter-output>
        </test-method> <!-- testAddItemToCart -->
        <test-method is-config="true" signature="teardown(org.testng.ITestResult)[pri:0, instance:tests.InventoryTest@1e66f1f5]" started-at="2025-04-22T00:13:38 IST" name="teardown" finished-at="2025-04-22T00:13:38 IST" duration-ms="431" status="PASS">
          <params>
            <param index="0">
              <value>
                <![CDATA[[TestResult name=testAddItemToCart status=SUCCESS method=InventoryTest.testAddItemToCart()[pri:0, instance:tests.InventoryTest@1e66f1f5] output={null}]]]>
              </value>
            </param>
          </params>
          <reporter-output>
          </reporter-output>
        </test-method> <!-- teardown -->
      </class> <!-- tests.InventoryTest -->
      <class name="tests.CartTest">
        <test-method is-config="true" signature="setup()[pri:0, instance:tests.CartTest@4e50c791]" started-at="2025-04-22T00:13:38 IST" name="setup" finished-at="2025-04-22T00:13:38 IST" duration-ms="0" status="PASS">
          <reporter-output>
          </reporter-output>
        </test-method> <!-- setup -->
        <test-method is-config="true" signature="setup(java.lang.reflect.Method)[pri:0, instance:tests.CartTest@4e50c791]" started-at="2025-04-22T00:13:38 IST" name="setup" finished-at="2025-04-22T00:13:42 IST" duration-ms="3293" status="PASS">
          <params>
            <param index="0">
              <value>
                <![CDATA[public void tests.CartTest.testProceedToCheckout()]]>
              </value>
            </param>
          </params>
          <reporter-output>
          </reporter-output>
        </test-method> <!-- setup -->
        <test-method signature="testProceedToCheckout()[pri:0, instance:tests.CartTest@4e50c791]" started-at="2025-04-22T00:13:42 IST" name="testProceedToCheckout" finished-at="2025-04-22T00:13:43 IST" duration-ms="1093" status="PASS">
          <reporter-output>
          </reporter-output>
        </test-method> <!-- testProceedToCheckout -->
        <test-method is-config="true" signature="teardown(org.testng.ITestResult)[pri:0, instance:tests.CartTest@4e50c791]" started-at="2025-04-22T00:13:43 IST" name="teardown" finished-at="2025-04-22T00:13:43 IST" duration-ms="421" status="PASS">
          <params>
            <param index="0">
              <value>
                <![CDATA[[TestResult name=testProceedToCheckout status=SUCCESS method=CartTest.testProceedToCheckout()[pri:0, instance:tests.CartTest@4e50c791] output={null}]]]>
              </value>
            </param>
          </params>
          <reporter-output>
          </reporter-output>
        </test-method> <!-- teardown -->
      </class> <!-- tests.CartTest -->
      <class name="tests.CheckoutTest">
        <test-method is-config="true" signature="setup()[pri:0, instance:tests.CheckoutTest@7530ad9c]" started-at="2025-04-22T00:13:43 IST" name="setup" finished-at="2025-04-22T00:13:43 IST" duration-ms="1" status="PASS">
          <reporter-output>
          </reporter-output>
        </test-method> <!-- setup -->
        <test-method is-config="true" signature="setup(java.lang.reflect.Method)[pri:0, instance:tests.CheckoutTest@7530ad9c]" started-at="2025-04-22T00:13:43 IST" name="setup" finished-at="2025-04-22T00:13:47 IST" duration-ms="3370" status="PASS">
          <params>
            <param index="0">
              <value>
                <![CDATA[public void tests.CheckoutTest.testCheckoutProcess()]]>
              </value>
            </param>
          </params>
          <reporter-output>
          </reporter-output>
        </test-method> <!-- setup -->
        <test-method signature="testCheckoutProcess()[pri:0, instance:tests.CheckoutTest@7530ad9c]" started-at="2025-04-22T00:13:47 IST" name="testCheckoutProcess" finished-at="2025-04-22T00:13:48 IST" duration-ms="1714" status="PASS">
          <reporter-output>
          </reporter-output>
        </test-method> <!-- testCheckoutProcess -->
        <test-method is-config="true" signature="teardown(org.testng.ITestResult)[pri:0, instance:tests.CheckoutTest@7530ad9c]" started-at="2025-04-22T00:13:48 IST" name="teardown" finished-at="2025-04-22T00:13:49 IST" duration-ms="452" status="PASS">
          <params>
            <param index="0">
              <value>
                <![CDATA[[TestResult name=testCheckoutProcess status=SUCCESS method=CheckoutTest.testCheckoutProcess()[pri:0, instance:tests.CheckoutTest@7530ad9c] output={null}]]]>
              </value>
            </param>
          </params>
          <reporter-output>
          </reporter-output>
        </test-method> <!-- teardown -->
      </class> <!-- tests.CheckoutTest -->
    </test> <!-- Login Tests -->
  </suite> <!-- Login Suite -->
</testng-results>
