<?xml version="1.0" encoding="UTF-8"?>
<!-- Generated by org.testng.reporters.JUnitReportReporter -->
<testsuite hostname="DESKTOP-9K2SE4K" failures="0" tests="8" name="tests.LoginTest" time="58.113" errors="0" timestamp="2025-04-22T11:12:40 IST" skipped="0">
  <testcase classname="tests.LoginTest" name="testLoginWithInvalidCredentials" time="6.193"/>
  <testcase classname="tests.LoginTest" name="testLoginWithValidCredentials" time="6.435"/>
  <testcase classname="tests.LoginTest" name="LoginWithBlankCredentials" time="5.385"/>
  <testcase classname="tests.LoginTest" name="testLoginWithValidCredentials" time="11.180"/>
  <testcase classname="tests.LoginTest" name="testLoginWithValidCredentials" time="6.363"/>
  <testcase classname="tests.LoginTest" name="testLoginWithValidCredentials" time="7.365"/>
  <testcase classname="tests.LoginTest" name="testLoginWithValidCredentials" time="5.609"/>
  <testcase classname="tests.LoginTest" name="testLoginWithValidCredentials" time="9.583"/>
</testsuite> <!-- tests.LoginTest -->
