<?xml version="1.0" encoding="UTF-8"?>
<!-- Generated by org.testng.reporters.JUnitReportReporter -->
<testsuite hostname="DESKTOP-9K2SE4K" failures="0" tests="8" name="tests.LoginTest" time="42.136" errors="0" timestamp="2025-04-24T21:23:34 IST" skipped="0">
  <testcase classname="tests.LoginTest" name="LoginWithBlankCredentials" time="7.713"/>
  <testcase classname="tests.LoginTest" name="testLoginWithValidCredentials" time="4.137"/>
  <testcase classname="tests.LoginTest" name="testLoginWithValidCredentials" time="4.000"/>
  <testcase classname="tests.LoginTest" name="testLoginWithValidCredentials" time="4.141"/>
  <testcase classname="tests.LoginTest" name="testLoginWithValidCredentials" time="4.256"/>
  <testcase classname="tests.LoginTest" name="testLoginWithValidCredentials" time="9.488"/>
  <testcase classname="tests.LoginTest" name="testLoginWithValidCredentials" time="4.193"/>
  <testcase classname="tests.LoginTest" name="testLoginWithInvalidCredentials" time="4.208"/>
</testsuite> <!-- tests.LoginTest -->
