<?xml version="1.0" encoding="UTF-8"?>
<!-- Generated by org.testng.reporters.JUnitXMLReporter -->
<testsuite ignored="8" hostname="DESKTOP-9K2SE4K" failures="0" tests="12" name="Login Tests" time="63.435" errors="0" timestamp="2025-04-24T21:23:34 IST">
  <testcase classname="tests.LoginTest" name="LoginWithBlankCredentials" time="0.48"/>
  <testcase classname="tests.LoginTest" name="testLoginWithInvalidCredentials" time="0.572"/>
  <testcase classname="tests.LoginTest" name="testLoginWithValidCredentials" time="0.547"/>
  <testcase classname="tests.LoginTest" name="testLoginWithValidCredentials" time="0.552"/>
  <testcase classname="tests.LoginTest" name="testLoginWithValidCredentials" time="0.581"/>
  <testcase classname="tests.LoginTest" name="testLoginWithValidCredentials" time="5.662"/>
  <testcase classname="tests.LoginTest" name="testLoginWithValidCredentials" time="0.625"/>
  <testcase classname="tests.LoginTest" name="testLoginWithValidCredentials" time="0.561"/>
  <testcase classname="tests.InventoryTest" name="testAddItemToCart" time="0.866"/>
  <testcase classname="tests.CartTest" name="testProceedToCheckout" time="1.054"/>
  <testcase classname="tests.CheckoutTest" name="testCheckoutProcess" time="1.523"/>
  <testcase classname="tests.ConfirmationTest" name="testOrderConfirmation" time="1.803"/>
  <testcase classname="base.baseClass" name="@AfterSuite reportTearDown" time="0.0">
    <ignored/>
  </testcase> <!-- @AfterSuite reportTearDown -->
  <testcase classname="base.baseClass" name="@BeforeSuite reportSetup" time="0.0">
    <ignored/>
  </testcase> <!-- @BeforeSuite reportSetup -->
  <testcase classname="base.baseClass" name="@AfterSuite reportTearDown" time="0.0">
    <ignored/>
  </testcase> <!-- @AfterSuite reportTearDown -->
  <testcase classname="base.baseClass" name="@BeforeSuite reportSetup" time="0.0">
    <ignored/>
  </testcase> <!-- @BeforeSuite reportSetup -->
  <testcase classname="base.baseClass" name="@AfterSuite reportTearDown" time="0.0">
    <ignored/>
  </testcase> <!-- @AfterSuite reportTearDown -->
  <testcase classname="base.baseClass" name="@BeforeSuite reportSetup" time="0.0">
    <ignored/>
  </testcase> <!-- @BeforeSuite reportSetup -->
  <testcase classname="base.baseClass" name="@BeforeSuite reportSetup" time="0.0">
    <ignored/>
  </testcase> <!-- @BeforeSuite reportSetup -->
  <testcase classname="base.baseClass" name="@AfterSuite reportTearDown" time="0.0">
    <ignored/>
  </testcase> <!-- @AfterSuite reportTearDown -->
</testsuite> <!-- Login Tests -->
