<?xml version="1.0" encoding="UTF-8"?>
<!-- Generated by org.testng.reporters.JUnitXMLReporter -->
<testsuite ignored="8" hostname="DESKTOP-9K2SE4K" failures="0" tests="12" name="Login Tests" time="68.378" errors="0" timestamp="2025-04-22T00:13:54 IST">
  <testcase classname="tests.LoginTest" name="LoginWithBlankCredentials" time="0.96"/>
  <testcase classname="tests.LoginTest" name="testLoginWithInvalidCredentials" time="0.665"/>
  <testcase classname="tests.LoginTest" name="testLoginWithValidCredentials" time="0.865"/>
  <testcase classname="tests.LoginTest" name="testLoginWithValidCredentials" time="0.656"/>
  <testcase classname="tests.LoginTest" name="testLoginWithValidCredentials" time="0.698"/>
  <testcase classname="tests.LoginTest" name="testLoginWithValidCredentials" time="5.749"/>
  <testcase classname="tests.LoginTest" name="testLoginWithValidCredentials" time="0.693"/>
  <testcase classname="tests.LoginTest" name="testLoginWithValidCredentials" time="0.729"/>
  <testcase classname="tests.InventoryTest" name="testAddItemToCart" time="1.104"/>
  <testcase classname="tests.CartTest" name="testProceedToCheckout" time="1.093"/>
  <testcase classname="tests.CheckoutTest" name="testCheckoutProcess" time="1.714"/>
  <testcase classname="tests.ConfirmationTest" name="testOrderConfirmation" time="1.752"/>
  <testcase classname="base.baseClass" name="@AfterSuite reportTearDown" time="0.0">
    <ignored/>
  </testcase> <!-- @AfterSuite reportTearDown -->
  <testcase classname="base.baseClass" name="@BeforeSuite reportSetup" time="0.0">
    <ignored/>
  </testcase> <!-- @BeforeSuite reportSetup -->
  <testcase classname="base.baseClass" name="@AfterSuite reportTearDown" time="0.0">
    <ignored/>
  </testcase> <!-- @AfterSuite reportTearDown -->
  <testcase classname="base.baseClass" name="@BeforeSuite reportSetup" time="0.0">
    <ignored/>
  </testcase> <!-- @BeforeSuite reportSetup -->
  <testcase classname="base.baseClass" name="@AfterSuite reportTearDown" time="0.0">
    <ignored/>
  </testcase> <!-- @AfterSuite reportTearDown -->
  <testcase classname="base.baseClass" name="@BeforeSuite reportSetup" time="0.0">
    <ignored/>
  </testcase> <!-- @BeforeSuite reportSetup -->
  <testcase classname="base.baseClass" name="@BeforeSuite reportSetup" time="0.0">
    <ignored/>
  </testcase> <!-- @BeforeSuite reportSetup -->
  <testcase classname="base.baseClass" name="@AfterSuite reportTearDown" time="0.0">
    <ignored/>
  </testcase> <!-- @AfterSuite reportTearDown -->
</testsuite> <!-- Login Tests -->
